[0.013s] Invoking command in '/home/barsotti/lab1_ws_v2/build/lab1_pkg': CMAKE_PREFIX_PATH=/opt/ros/iron /usr/bin/cmake --build /home/barsotti/lab1_ws_v2/build/lab1_pkg -- -j4 -l4
[0.090s] Built target ament_cmake_python_copy_lab1_pkg
[0.460s] running egg_info
[0.461s] writing lab1_pkg.egg-info/PKG-INFO
[0.461s] writing dependency_links to lab1_pkg.egg-info/dependency_links.txt
[0.462s] writing top-level names to lab1_pkg.egg-info/top_level.txt
[0.464s] reading manifest file 'lab1_pkg.egg-info/SOURCES.txt'
[0.465s] writing manifest file 'lab1_pkg.egg-info/SOURCES.txt'
[0.499s] Built target ament_cmake_python_build_lab1_pkg_egg
[0.514s] Invoked command in '/home/barsotti/lab1_ws_v2/build/lab1_pkg' returned '0': CMAKE_PREFIX_PATH=/opt/ros/iron /usr/bin/cmake --build /home/barsotti/lab1_ws_v2/build/lab1_pkg -- -j4 -l4
[0.559s] Invoking command in '/home/barsotti/lab1_ws_v2/build/lab1_pkg': CMAKE_PREFIX_PATH=/opt/ros/iron /usr/bin/cmake --install /home/barsotti/lab1_ws_v2/build/lab1_pkg
[0.569s] -- Install configuration: ""
[0.569s] -- Up-to-date: /home/barsotti/lab1_ws_v2/install/lab1_pkg/share/lab1_pkg/environment/pythonpath.sh
[0.569s] -- Up-to-date: /home/barsotti/lab1_ws_v2/install/lab1_pkg/share/lab1_pkg/environment/pythonpath.dsv
[0.569s] -- Up-to-date: /home/barsotti/lab1_ws_v2/install/lab1_pkg/lib/python3.10/site-packages/lab1_pkg-0.0.0-py3.10.egg-info
[0.570s] -- Installing: /home/barsotti/lab1_ws_v2/install/lab1_pkg/lib/python3.10/site-packages/lab1_pkg-0.0.0-py3.10.egg-info/PKG-INFO
[0.570s] -- Installing: /home/barsotti/lab1_ws_v2/install/lab1_pkg/lib/python3.10/site-packages/lab1_pkg-0.0.0-py3.10.egg-info/SOURCES.txt
[0.570s] -- Installing: /home/barsotti/lab1_ws_v2/install/lab1_pkg/lib/python3.10/site-packages/lab1_pkg-0.0.0-py3.10.egg-info/dependency_links.txt
[0.570s] -- Installing: /home/barsotti/lab1_ws_v2/install/lab1_pkg/lib/python3.10/site-packages/lab1_pkg-0.0.0-py3.10.egg-info/top_level.txt
[0.570s] -- Up-to-date: /home/barsotti/lab1_ws_v2/install/lab1_pkg/lib/python3.10/site-packages/lab1_pkg
[0.570s] -- Up-to-date: /home/barsotti/lab1_ws_v2/install/lab1_pkg/lib/python3.10/site-packages/lab1_pkg/__init__.py
[0.607s] Listing '/home/barsotti/lab1_ws_v2/install/lab1_pkg/lib/python3.10/site-packages/lab1_pkg'...
[0.612s] -- Installing: /home/barsotti/lab1_ws_v2/install/lab1_pkg/lib/lab1_pkg/talker.py
[0.613s] -- Up-to-date: /home/barsotti/lab1_ws_v2/install/lab1_pkg/share/ament_index/resource_index/package_run_dependencies/lab1_pkg
[0.613s] -- Up-to-date: /home/barsotti/lab1_ws_v2/install/lab1_pkg/share/ament_index/resource_index/parent_prefix_path/lab1_pkg
[0.613s] -- Up-to-date: /home/barsotti/lab1_ws_v2/install/lab1_pkg/share/lab1_pkg/environment/ament_prefix_path.sh
[0.613s] -- Up-to-date: /home/barsotti/lab1_ws_v2/install/lab1_pkg/share/lab1_pkg/environment/ament_prefix_path.dsv
[0.614s] -- Up-to-date: /home/barsotti/lab1_ws_v2/install/lab1_pkg/share/lab1_pkg/environment/path.sh
[0.614s] -- Up-to-date: /home/barsotti/lab1_ws_v2/install/lab1_pkg/share/lab1_pkg/environment/path.dsv
[0.614s] -- Up-to-date: /home/barsotti/lab1_ws_v2/install/lab1_pkg/share/lab1_pkg/local_setup.bash
[0.614s] -- Up-to-date: /home/barsotti/lab1_ws_v2/install/lab1_pkg/share/lab1_pkg/local_setup.sh
[0.614s] -- Up-to-date: /home/barsotti/lab1_ws_v2/install/lab1_pkg/share/lab1_pkg/local_setup.zsh
[0.614s] -- Up-to-date: /home/barsotti/lab1_ws_v2/install/lab1_pkg/share/lab1_pkg/local_setup.dsv
[0.615s] -- Installing: /home/barsotti/lab1_ws_v2/install/lab1_pkg/share/lab1_pkg/package.dsv
[0.615s] -- Up-to-date: /home/barsotti/lab1_ws_v2/install/lab1_pkg/share/ament_index/resource_index/packages/lab1_pkg
[0.615s] -- Up-to-date: /home/barsotti/lab1_ws_v2/install/lab1_pkg/share/lab1_pkg/cmake/lab1_pkgConfig.cmake
[0.615s] -- Up-to-date: /home/barsotti/lab1_ws_v2/install/lab1_pkg/share/lab1_pkg/cmake/lab1_pkgConfig-version.cmake
[0.615s] -- Up-to-date: /home/barsotti/lab1_ws_v2/install/lab1_pkg/share/lab1_pkg/package.xml
[0.617s] Invoked command in '/home/barsotti/lab1_ws_v2/build/lab1_pkg' returned '0': CMAKE_PREFIX_PATH=/opt/ros/iron /usr/bin/cmake --install /home/barsotti/lab1_ws_v2/build/lab1_pkg
