[0.013s] Invoking command in '/home/barsotti/lab1_ws_v2/build/lab1_pkg': CMAKE_PREFIX_PATH=/opt/ros/iron /usr/bin/cmake --build /home/barsotti/lab1_ws_v2/build/lab1_pkg -- -j4 -l4
[0.059s] -- Found ament_cmake: 2.0.6 (/opt/ros/iron/share/ament_cmake/cmake)
[0.269s] -- Found rclcpp: 21.0.7 (/opt/ros/iron/share/rclcpp/cmake)
[0.332s] -- Found rosidl_generator_c: 4.0.1 (/opt/ros/iron/share/rosidl_generator_c/cmake)
[0.347s] -- Found rosidl_generator_cpp: 4.0.1 (/opt/ros/iron/share/rosidl_generator_cpp/cmake)
[0.371s] -- Using all available rosidl_typesupport_c: rosidl_typesupport_fastrtps_c;rosidl_typesupport_introspection_c
[0.400s] -- Using all available rosidl_typesupport_cpp: rosidl_typesupport_fastrtps_cpp;rosidl_typesupport_introspection_cpp
[0.641s] -- Found rmw_implementation_cmake: 7.1.0 (/opt/ros/iron/share/rmw_implementation_cmake/cmake)
[0.644s] -- Found rmw_fastrtps_cpp: 7.1.4 (/opt/ros/iron/share/rmw_fastrtps_cpp/cmake)
[0.813s] -- Using RMW implementation 'rmw_fastrtps_cpp' as default
[1.057s] -- Found rclpy: 4.1.6 (/opt/ros/iron/share/rclpy/cmake)
[1.058s] -- Found ackermann_msgs: 2.0.2 (/opt/ros/iron/share/ackermann_msgs/cmake)
[1.277s] -- Found ament_lint_auto: 0.14.4 (/opt/ros/iron/share/ament_lint_auto/cmake)
[1.376s] -- Added test 'flake8' to check Python code syntax and style conventions
[1.376s] -- Configured 'flake8' exclude dirs and/or files: 
[1.377s] -- Added test 'lint_cmake' to check CMake code style
[1.377s] -- Added test 'pep257' to check Python code against some of the docstring style conventions in PEP 257
[1.380s] -- Added test 'xmllint' to check XML markup files
[1.382s] -- Configuring done
[1.393s] -- Generating done
[1.395s] -- Build files have been written to: /home/barsotti/lab1_ws_v2/build/lab1_pkg
[1.452s] Built target ament_cmake_python_copy_lab1_pkg
[1.778s] running egg_info
[1.779s] writing lab1_pkg.egg-info/PKG-INFO
[1.779s] writing dependency_links to lab1_pkg.egg-info/dependency_links.txt
[1.780s] writing top-level names to lab1_pkg.egg-info/top_level.txt
[1.784s] reading manifest file 'lab1_pkg.egg-info/SOURCES.txt'
[1.785s] writing manifest file 'lab1_pkg.egg-info/SOURCES.txt'
[1.820s] Built target ament_cmake_python_build_lab1_pkg_egg
[1.836s] Invoked command in '/home/barsotti/lab1_ws_v2/build/lab1_pkg' returned '0': CMAKE_PREFIX_PATH=/opt/ros/iron /usr/bin/cmake --build /home/barsotti/lab1_ws_v2/build/lab1_pkg -- -j4 -l4
[1.880s] Invoking command in '/home/barsotti/lab1_ws_v2/build/lab1_pkg': CMAKE_PREFIX_PATH=/opt/ros/iron /usr/bin/cmake --install /home/barsotti/lab1_ws_v2/build/lab1_pkg
[1.890s] -- Install configuration: ""
[1.890s] -- Up-to-date: /home/barsotti/lab1_ws_v2/install/lab1_pkg/share/lab1_pkg/environment/pythonpath.sh
[1.890s] -- Up-to-date: /home/barsotti/lab1_ws_v2/install/lab1_pkg/share/lab1_pkg/environment/pythonpath.dsv
[1.890s] -- Up-to-date: /home/barsotti/lab1_ws_v2/install/lab1_pkg/lib/python3.10/site-packages/lab1_pkg-0.0.0-py3.10.egg-info
[1.890s] -- Installing: /home/barsotti/lab1_ws_v2/install/lab1_pkg/lib/python3.10/site-packages/lab1_pkg-0.0.0-py3.10.egg-info/PKG-INFO
[1.890s] -- Installing: /home/barsotti/lab1_ws_v2/install/lab1_pkg/lib/python3.10/site-packages/lab1_pkg-0.0.0-py3.10.egg-info/SOURCES.txt
[1.890s] -- Installing: /home/barsotti/lab1_ws_v2/install/lab1_pkg/lib/python3.10/site-packages/lab1_pkg-0.0.0-py3.10.egg-info/dependency_links.txt
[1.891s] -- Installing: /home/barsotti/lab1_ws_v2/install/lab1_pkg/lib/python3.10/site-packages/lab1_pkg-0.0.0-py3.10.egg-info/top_level.txt
[1.891s] -- Up-to-date: /home/barsotti/lab1_ws_v2/install/lab1_pkg/lib/python3.10/site-packages/lab1_pkg
[1.891s] -- Up-to-date: /home/barsotti/lab1_ws_v2/install/lab1_pkg/lib/python3.10/site-packages/lab1_pkg/__init__.py
[1.933s] Listing '/home/barsotti/lab1_ws_v2/install/lab1_pkg/lib/python3.10/site-packages/lab1_pkg'...
[1.939s] -- Up-to-date: /home/barsotti/lab1_ws_v2/install/lab1_pkg/lib/lab1_pkg/talker.py
[1.939s] -- Up-to-date: /home/barsotti/lab1_ws_v2/install/lab1_pkg/lib/lab1_pkg/relay.py
[1.939s] -- Installing: /home/barsotti/lab1_ws_v2/install/lab1_pkg/share/lab1_pkg//launch
[1.939s] -- Installing: /home/barsotti/lab1_ws_v2/install/lab1_pkg/share/lab1_pkg//launch/lab1_launch.launch.py
[1.939s] -- Up-to-date: /home/barsotti/lab1_ws_v2/install/lab1_pkg/share/ament_index/resource_index/package_run_dependencies/lab1_pkg
[1.939s] -- Up-to-date: /home/barsotti/lab1_ws_v2/install/lab1_pkg/share/ament_index/resource_index/parent_prefix_path/lab1_pkg
[1.940s] -- Up-to-date: /home/barsotti/lab1_ws_v2/install/lab1_pkg/share/lab1_pkg/environment/ament_prefix_path.sh
[1.940s] -- Up-to-date: /home/barsotti/lab1_ws_v2/install/lab1_pkg/share/lab1_pkg/environment/ament_prefix_path.dsv
[1.940s] -- Up-to-date: /home/barsotti/lab1_ws_v2/install/lab1_pkg/share/lab1_pkg/environment/path.sh
[1.940s] -- Up-to-date: /home/barsotti/lab1_ws_v2/install/lab1_pkg/share/lab1_pkg/environment/path.dsv
[1.940s] -- Up-to-date: /home/barsotti/lab1_ws_v2/install/lab1_pkg/share/lab1_pkg/local_setup.bash
[1.940s] -- Up-to-date: /home/barsotti/lab1_ws_v2/install/lab1_pkg/share/lab1_pkg/local_setup.sh
[1.941s] -- Up-to-date: /home/barsotti/lab1_ws_v2/install/lab1_pkg/share/lab1_pkg/local_setup.zsh
[1.941s] -- Up-to-date: /home/barsotti/lab1_ws_v2/install/lab1_pkg/share/lab1_pkg/local_setup.dsv
[1.941s] -- Installing: /home/barsotti/lab1_ws_v2/install/lab1_pkg/share/lab1_pkg/package.dsv
[1.941s] -- Up-to-date: /home/barsotti/lab1_ws_v2/install/lab1_pkg/share/ament_index/resource_index/packages/lab1_pkg
[1.941s] -- Up-to-date: /home/barsotti/lab1_ws_v2/install/lab1_pkg/share/lab1_pkg/cmake/lab1_pkgConfig.cmake
[1.941s] -- Up-to-date: /home/barsotti/lab1_ws_v2/install/lab1_pkg/share/lab1_pkg/cmake/lab1_pkgConfig-version.cmake
[1.941s] -- Installing: /home/barsotti/lab1_ws_v2/install/lab1_pkg/share/lab1_pkg/package.xml
[1.943s] Invoked command in '/home/barsotti/lab1_ws_v2/build/lab1_pkg' returned '0': CMAKE_PREFIX_PATH=/opt/ros/iron /usr/bin/cmake --install /home/barsotti/lab1_ws_v2/build/lab1_pkg
